Mon Dec 21 16:10:26 2020: STD_ERR: database is locked
Mon Dec 21 22:17:52 2020: STD_ERR: database is locked
Mon Dec 21 22:17:54 2020: STD_ERR: database is locked
Mon Dec 21 23:56:58 2020: STD_ERR: database is locked
Tue Dec 22 00:30:25 2020: STD_ERR: database is locked
Tue Dec 22 00:31:50 2020: STD_ERR: database is locked
Tue Dec 22 00:37:46 2020: STD_ERR: database is locked
Tue Dec 22 12:47:38 2020: STD_ERR: database is locked
Tue Dec 22 12:47:50 2020: STD_ERR: database is locked
Tue Dec 22 13:41:04 2020: STD_ERR: database is locked
Mon Jan  4 21:13:41 2021: STD_ERR: database is locked
Mon Jan  4 21:13:46 2021: STD_ERR: database is locked
Mon Jan  4 22:12:04 2021: STD_ERR: database is locked
Mon Jan  4 22:12:43 2021: STD_ERR: database is locked
Mon Jan  4 22:17:35 2021: STD_ERR: database is locked
Mon Jan  4 22:20:27 2021: STD_ERR: database is locked
Mon Jan  4 22:22:45 2021: STD_ERR: database is locked
Mon Jan  4 22:22:54 2021: STD_ERR: database is locked
Mon Jan  4 22:23:12 2021: STD_ERR: database is locked
Mon Jan  4 22:23:34 2021: STD_ERR: database is locked
Mon Jan  4 22:24:49 2021: STD_ERR: database is locked
Mon Jan  4 22:24:51 2021: STD_ERR: database is locked
Mon Jan  4 22:24:53 2021: STD_ERR: database is locked
Mon Jan  4 22:24:54 2021: STD_ERR: database is locked
Mon Jan  4 22:24:55 2021: STD_ERR: database is locked
Mon Jan  4 22:25:11 2021: STD_ERR: database is locked
Mon Jan  4 22:25:13 2021: STD_ERR: database is locked
Mon Jan  4 22:26:06 2021: STD_ERR: database is locked
Tue Jan  5 12:31:40 2021: STD_ERR: database is locked
Tue Jan  5 12:31:42 2021: STD_ERR: database is locked
Tue Jan  5 12:31:44 2021: STD_ERR: database is locked
Tue Jan  5 12:31:53 2021: STD_ERR: database is locked
Tue Jan  5 18:52:13 2021: STD_ERR: database is locked
Fri Jan  8 19:08:33 2021: STD_ERR: database is locked
